Started HTTP and WebSocket JSON-RPC server at http://127.0.0.1:8545/

Accounts
========

WARNING: These accounts, and their private keys, are publicly known.
Any funds sent to them on Mainnet or any other live network WILL BE LOST.

Account #0: 0xf39Fd6e51aad88F6F4ce6aB8827279cffFb92266 (10000 ETH)
Private Key: 0xac0974bec39a17e36ba4a6b4d238ff944bacb478cbed5efcae784d7bf4f2ff80

Account #1: 0x70997970C51812dc3A010C7d01b50e0d17dc79C8 (10000 ETH)
Private Key: 0x59c6995e998f97a5a0044966f0945389dc9e86dae88c7a8412f4603b6b78690d

Account #2: 0x3C44CdDdB6a900fa2b585dd299e03d12FA4293BC (10000 ETH)
Private Key: 0x5de4111afa1a4b94908f83103eb1f1706367c2e68ca870fc3fb9a804cdab365a

Account #3: 0x90F79bf6EB2c4f870365E785982E1f101E93b906 (10000 ETH)
Private Key: 0x7c852118294e51e653712a81e05800f419141751be58f605c371e15141b007a6

Account #4: 0x15d34AAf54267DB7D7c367839AAf71A00a2C6A65 (10000 ETH)
Private Key: 0x47e179ec197488593b187f80a00eb0da91f1b9d0b13f8733639f19c30a34926a

Account #5: 0x9965507D1a55bcC2695C58ba16FB37d819B0A4dc (10000 ETH)
Private Key: 0x8b3a350cf5c34c9194ca85829a2df0ec3153be0318b5e2d3348e872092edffba

Account #6: 0x976EA74026E726554dB657fA54763abd0C3a0aa9 (10000 ETH)
Private Key: 0x92db14e403b83dfe3df233f83dfa3a0d7096f21ca9b0d6d6b8d88b2b4ec1564e

Account #7: 0x14dC79964da2C08b23698B3D3cc7Ca32193d9955 (10000 ETH)
Private Key: 0x4bbbf85ce3377467afe5d46f804f221813b2bb87f24d81f60f1fcdbf7cbf4356

Account #8: 0x23618e81E3f5cdF7f54C3d65f7FBc0aBf5B21E8f (10000 ETH)
Private Key: 0xdbda1821b80551c9d65939329250298aa3472ba22feea921c0cf5d620ea67b97

Account #9: 0xa0Ee7A142d267C1f36714E4a8F75612F20a79720 (10000 ETH)
Private Key: 0x2a871d0798f97d79848a013d4936a73bf4cc922c825d33c1cf7073dff6d409c6

Account #10: 0xBcd4042DE499D14e55001CcbB24a551F3b954096 (10000 ETH)
Private Key: 0xf214f2b2cd398c806f84e317254e0f0b801d0643303237d97a22a48e01628897

Account #11: 0x71bE63f3384f5fb98995898A86B02Fb2426c5788 (10000 ETH)
Private Key: 0x701b615bbdfb9de65240bc28bd21bbc0d996645a3dd57e7b12bc2bdf6f192c82

Account #12: 0xFABB0ac9d68B0B445fB7357272Ff202C5651694a (10000 ETH)
Private Key: 0xa267530f49f8280200edf313ee7af6b827f2a8bce2897751d06a843f644967b1

Account #13: 0x1CBd3b2770909D4e10f157cABC84C7264073C9Ec (10000 ETH)
Private Key: 0x47c99abed3324a2707c28affff1267e45918ec8c3f20b8aa892e8b065d2942dd

Account #14: 0xdF3e18d64BC6A983f673Ab319CCaE4f1a57C7097 (10000 ETH)
Private Key: 0xc526ee95bf44d8fc405a158bb884d9d1238d99f0612e9f33d006bb0789009aaa

Account #15: 0xcd3B766CCDd6AE721141F452C550Ca635964ce71 (10000 ETH)
Private Key: 0x8166f546bab6da521a8369cab06c5d2b9e46670292d85c875ee9ec20e84ffb61

Account #16: 0x2546BcD3c84621e976D8185a91A922aE77ECEc30 (10000 ETH)
Private Key: 0xea6c44ac03bff858b476bba40716402b03e41b8e97e276d1baec7c37d42484a0

Account #17: 0xbDA5747bFD65F08deb54cb465eB87D40e51B197E (10000 ETH)
Private Key: 0x689af8efa8c651a91ad287602527f3af2fe9f6501a7ac4b061667b5a93e037fd

Account #18: 0xdD2FD4581271e230360230F9337D5c0430Bf44C0 (10000 ETH)
Private Key: 0xde9be858da4a475276426320d5e9262ecfc3ba460bfac56360bfa6c4c28b4ee0

Account #19: 0x8626f6940E2eb28930eFb4CeF49B2d1F2C9C1199 (10000 ETH)
Private Key: 0xdf57089febbacf7ba0bc227dafbffa9fc08a93fdc68e1e42411a14efcf23656e

WARNING: These accounts, and their private keys, are publicly known.
Any funds sent to them on Mainnet or any other live network WILL BE LOST.

[32meth_chainId[0m
[32meth_getTransactionCount[0m
[32meth_estimateGas[0m
[32meth_chainId[0m
[32meth_chainId (2)[0m
[32meth_gasPrice[0m
[32meth_maxPriorityFeePerGas[0m
[32meth_getBlockByNumber[0m
[32meth_sendRawTransaction[0m
  Transaction: 0xeb3645cfc5b83f2cae9617641b1b146294ee2ed8bcfba075cabc729ff5bd6045
  From:        0xf39fd6e51aad88f6f4ce6ab8827279cfffb92266
  To:          0xf39fd6e51aad88f6f4ce6ab8827279cfffb92266
  Value:       1. ETH
  Gas used:    21000 of 21001
  Block #1:    0x5f1602219e66ab5eb34c9ae1b35f630877b358585f3e87913296fd9dbe53b9e5

[32meth_blockNumber[0m
[32meth_chainId[0m
[32meth_chainId (2)[0m
[32meth_getTransactionReceipt[0m
[32meth_chainId[0m
[32meth_getTransactionCount[0m
[32meth_estimateGas[0m
[32meth_chainId[0m
[32meth_chainId (2)[0m
[32meth_gasPrice[0m
[32meth_maxPriorityFeePerGas[0m
[32meth_getBlockByNumber[0m
[32meth_blockNumber[0m
[32meth_sendRawTransaction[0m
  Transaction: 0x76c41bcb34bc67aac4de0e24b8995fa2d98bca7539075eb1c27038ccc789d1b4
  From:        0xf39fd6e51aad88f6f4ce6ab8827279cfffb92266
  To:          0x70997970c51812dc3a010c7d01b50e0d17dc79c8
  Value:       1. ETH
  Gas used:    21000 of 21001
  Block #2:    0xd318ea715e0a9bf67d1483e723b4af2018b1277e3b17875d3d0c78cbc0281b43

[32meth_chainId[0m
[32meth_chainId (2)[0m
[32meth_getTransactionReceipt[0m
[32meth_chainId[0m
[32meth_blockNumber[0m
[32meth_getTransactionCount[0m
[32meth_chainId[0m
[32meth_getTransactionReceipt[0m
[32meth_chainId[0m
[32meth_getTransactionByHash[0m
[32meth_chainId[0m
[32meth_getTransactionCount[0m
[32meth_estimateGas[0m
[32meth_chainId[0m
[32meth_chainId (2)[0m
[32meth_gasPrice[0m
[32meth_maxPriorityFeePerGas[0m
[32meth_getBlockByNumber[0m
[32meth_blockNumber[0m
[32meth_chainId[0m
[32meth_sendRawTransaction[0m
  Transaction: 0x2bba826e81c0fd025b6e4428dfaf936326d8238865dccf8360b1e89d13f19271
  From:        0xf39fd6e51aad88f6f4ce6ab8827279cfffb92266
  To:          0xf39fd6e51aad88f6f4ce6ab8827279cfffb92266
  Value:       1. ETH
  Gas used:    21000 of 21001
  Block #3:    0xa39c6a7c74344a944aaf44ef447314f94ba6a2145c6aaeeb321c66fb2b1e79b7

[32meth_chainId[0m
[32meth_getTransactionReceipt[0m
[32meth_chainId[0m
[32meth_blockNumber[0m
[32meth_getTransactionCount[0m
[32meth_chainId[0m
[32meth_getTransactionReceipt[0m
[32meth_getTransactionByHash[0m
[32meth_chainId[0m
[32meth_chainId (2)[0m
[32meth_getTransactionCount[0m
[32meth_estimateGas[0m
[32meth_chainId[0m
[32meth_chainId (2)[0m
[32meth_gasPrice[0m
[32meth_maxPriorityFeePerGas[0m
[32meth_getBlockByNumber[0m
[32meth_blockNumber[0m
[32meth_sendRawTransaction[0m
  Transaction: 0x0b63fc9a36b79c81c93e32b93caa87b7cc2954f98ead4328e24898767b030e6c
  From:        0xf39fd6e51aad88f6f4ce6ab8827279cfffb92266
  To:          0x70997970c51812dc3a010c7d01b50e0d17dc79c8
  Value:       1. ETH
  Gas used:    21000 of 21001
  Block #4:    0x6a4b98cf92578ce0122a89b941e82671f04e94c2699ecaceff9162c4c8ed3853

[32meth_chainId[0m
[32meth_chainId (2)[0m
[32meth_getTransactionReceipt[0m
[32meth_chainId[0m
[32meth_blockNumber[0m
[32meth_getTransactionCount[0m
[32meth_chainId[0m
[32meth_getTransactionReceipt[0m
[32meth_chainId[0m
[32meth_getTransactionByHash[0m
[32meth_chainId[0m
[32meth_getTransactionCount[0m
[32meth_estimateGas[0m
[32meth_chainId[0m
[32meth_chainId (2)[0m
[32meth_getBlockByNumber[0m
[32meth_maxPriorityFeePerGas[0m
[32meth_gasPrice[0m
[32meth_blockNumber[0m
[32meth_sendRawTransaction[0m
  Transaction: 0x58799c9cd4b0c56a48172cc50dc00c7c10444c7203fbc39bda8ae8f7017ab5d8
  From:        0xf39fd6e51aad88f6f4ce6ab8827279cfffb92266
  To:          0xf39fd6e51aad88f6f4ce6ab8827279cfffb92266
  Value:       1. ETH
  Gas used:    21000 of 21001
  Block #5:    0x9bf47a0489341d7b8f3e1328566375ff35339b1af05feba57c2c2dfcf7864be2

[32meth_chainId[0m
[32meth_chainId (2)[0m
[32meth_getTransactionReceipt[0m
[32meth_chainId[0m
[32meth_blockNumber[0m
[32meth_getTransactionCount[0m
[32meth_chainId[0m
[32meth_getTransactionReceipt[0m
[32meth_chainId[0m
[32meth_getTransactionByHash[0m
[32meth_chainId[0m
[32meth_getTransactionCount[0m
[32meth_estimateGas[0m
[32meth_chainId[0m
[32meth_chainId (2)[0m
[32meth_getBlockByNumber[0m
[32meth_gasPrice[0m
[32meth_maxPriorityFeePerGas[0m
[32meth_blockNumber[0m
[32meth_sendRawTransaction[0m
  Transaction: 0xf5099eb4ac7da288c671f2086a196988f2b13acda70e09811b62dca9d61f2ef7
  From:        0xf39fd6e51aad88f6f4ce6ab8827279cfffb92266
  To:          0x70997970c51812dc3a010c7d01b50e0d17dc79c8
  Value:       1. ETH
  Gas used:    21000 of 21001
  Block #6:    0x0511c43f8b1eaee411342bffcaf0d660406befb06524901c67526f015cbfd765

[32meth_chainId[0m
[32meth_chainId (2)[0m
[32meth_getTransactionReceipt[0m
[32meth_chainId[0m
[32meth_blockNumber[0m
[32meth_getTransactionCount[0m
[32meth_chainId[0m
[32meth_getTransactionReceipt[0m
[32meth_chainId[0m
[32meth_getTransactionByHash[0m
[32meth_chainId[0m
[32meth_getTransactionCount[0m
[32meth_estimateGas[0m
[32meth_chainId[0m
[32meth_chainId (2)[0m
[32meth_gasPrice[0m
[32meth_maxPriorityFeePerGas[0m
[32meth_getBlockByNumber[0m
[32meth_blockNumber[0m
[32meth_chainId[0m
[32meth_sendRawTransaction[0m
  Transaction: 0x88d7fc741005f68dfa003c10ff91e2338e374fa1e226a115660cd15f79f9c507
  From:        0xf39fd6e51aad88f6f4ce6ab8827279cfffb92266
  To:          0xf39fd6e51aad88f6f4ce6ab8827279cfffb92266
  Value:       1. ETH
  Gas used:    21000 of 21001
  Block #7:    0x5287ce8b5bbd5690c7e2ed6ebee45fb43c824cbddabd41192508fab18e90c91f

[32meth_chainId[0m
[32meth_getTransactionReceipt[0m
[32meth_chainId[0m
[32meth_blockNumber[0m
[32meth_getTransactionCount[0m
[32meth_chainId[0m
[32meth_getTransactionReceipt[0m
[32meth_chainId[0m
[32meth_getTransactionByHash[0m
[32meth_chainId[0m
[32meth_getTransactionCount[0m
[32meth_estimateGas[0m
[32meth_chainId[0m
[32meth_chainId (2)[0m
[32meth_getBlockByNumber[0m
[32meth_gasPrice[0m
[32meth_maxPriorityFeePerGas[0m
[32meth_blockNumber[0m
[32meth_sendRawTransaction[0m
  Transaction: 0xc4466721c3fc88843b8c6cf18924520227eed484cb27bdf8cf94f417d29ae2d3
  From:        0xf39fd6e51aad88f6f4ce6ab8827279cfffb92266
  To:          0x70997970c51812dc3a010c7d01b50e0d17dc79c8
  Value:       1. ETH
  Gas used:    21000 of 21001
  Block #8:    0x906eff055103eac60e26026ac7a395c524a554d092dd544c1ad3ab6796d67e38

[32meth_chainId[0m
[32meth_chainId (2)[0m
[32meth_getTransactionReceipt[0m
[32meth_chainId[0m
[32meth_blockNumber[0m
[32meth_getTransactionCount[0m
[32meth_chainId[0m
[32meth_getTransactionReceipt[0m
[32meth_chainId[0m
[32meth_getTransactionByHash[0m
